<?xml version="1.0" encoding="UTF-8"?>
<dependencies>
	<dependency name="../test.js"/>
	<dependency name="test-dep.js"/>
	<dependency name="../test.css"/>
</dependencies>
